<?xml version="1.0" encoding="UTF-8"?>
<!-- Generated by org.testng.reporters.JUnitReportReporter -->
<testsuite hostname="Rashmis-Laptop.local" failures="0" tests="2" name="com.rs.testcases.LoginPageTests" time="24.552" errors="0" timestamp="2024-03-07T14:40:39 PST" skipped="0">
  <testcase classname="com.rs.testcases.LoginPageTests" name="loginlogouttest" time="11.556"/>
  <system-out/>
  <testcase classname="com.rs.testcases.LoginPageTests" name="newtest" time="12.996"/>
  <system-out/>
</testsuite> <!-- com.rs.testcases.LoginPageTests -->
