<?xml version="1.0" encoding="UTF-8"?>
<!-- Generated by org.testng.reporters.JUnitReportReporter -->
<testsuite hostname="Rashmis-Laptop.local" failures="0" tests="2" name="com.rs.testcases.LoginPageTests" time="16.654" errors="0" timestamp="2024-03-05T17:13:45 PST" skipped="0">
  <testcase classname="com.rs.testcases.LoginPageTests" name="loginTest" time="9.336"/>
  <system-out/>
  <testcase classname="com.rs.testcases.LoginPageTests" name="loginTest" time="7.318"/>
  <system-out/>
</testsuite> <!-- com.rs.testcases.LoginPageTests -->
