<?xml version="1.0" encoding="UTF-8"?>
<!-- Generated by org.testng.reporters.JUnitReportReporter -->
<testsuite hostname="Rashmis-Laptop.local" failures="0" tests="1" name="com.rs.testcases.LoginPageTests" time="9.804" errors="0" timestamp="2024-03-06T16:22:01 PST" skipped="0">
  <testcase classname="com.rs.testcases.LoginPageTests" name="loginTest" time="9.804"/>
  <system-out/>
</testsuite> <!-- com.rs.testcases.LoginPageTests -->
