<?xml version="1.0" encoding="UTF-8"?>
<!-- Generated by org.testng.reporters.JUnitReportReporter -->
<testsuite hostname="Rashmis-Laptop.local" failures="0" tests="2" name="com.rs.testcases.LoginPageTests" time="14.653" errors="0" timestamp="2024-02-29T15:15:26 PST" skipped="0">
  <testcase classname="com.rs.testcases.LoginPageTests" name="loginTest" time="3.873"/>
  <system-out/>
  <testcase classname="com.rs.testcases.LoginPageTests" name="loginTest" time="10.780"/>
  <system-out/>
</testsuite> <!-- com.rs.testcases.LoginPageTests -->
