<?xml version="1.0" encoding="UTF-8"?>
<!-- Generated by org.testng.reporters.JUnitReportReporter -->
<testsuite hostname="Rashmis-Laptop.local" failures="0" tests="4" name="com.rs.testcases.LoginPageTests" time="42.263" errors="0" timestamp="2024-03-07T15:40:07 PST" skipped="0">
  <testcase classname="com.rs.testcases.LoginPageTests" name="loginlogouttest" time="11.932"/>
  <system-out/>
  <testcase classname="com.rs.testcases.LoginPageTests" name="loginlogouttest" time="10.551"/>
  <system-out/>
  <testcase classname="com.rs.testcases.LoginPageTests" name="newtest" time="10.993"/>
  <system-out/>
  <testcase classname="com.rs.testcases.LoginPageTests" name="newtest" time="8.787"/>
  <system-out/>
</testsuite> <!-- com.rs.testcases.LoginPageTests -->
