<?xml version="1.0" encoding="UTF-8"?>
<!-- Generated by org.testng.reporters.JUnitReportReporter -->
<testsuite hostname="Rashmis-Laptop.local" failures="0" tests="1" name="com.rs.testcases.HomePageTests" time="3.735" errors="0" timestamp="2024-02-29T13:31:46 PST" skipped="0">
  <testcase classname="com.rs.testcases.HomePageTests" name="testcase1" time="3.735"/>
  <system-out/>
</testsuite> <!-- com.rs.testcases.HomePageTests -->
