<?xml version="1.0" encoding="UTF-8"?>
<!-- Generated by org.testng.reporters.JUnitReportReporter -->
<testsuite hostname="Rashmis-Laptop.local" failures="0" tests="1" name="com.rs.testcases.HomePageTests" time="7.140" errors="0" timestamp="2024-03-05T15:12:00 PST" skipped="0">
  <testcase classname="com.rs.testcases.HomePageTests" name="testcase1" time="7.140"/>
  <system-out/>
</testsuite> <!-- com.rs.testcases.HomePageTests -->
