<?xml version="1.0" encoding="UTF-8"?>
<!-- Generated by org.testng.reporters.JUnitReportReporter -->
<testsuite hostname="Rashmis-Laptop.local" failures="0" tests="1" name="com.rs.testcases.LoginPageTests" time="11.416" errors="0" timestamp="2024-02-25T19:10:12 PST" skipped="0">
  <testcase classname="com.rs.testcases.LoginPageTests" name="loginTest" time="11.416"/>
  <system-out/>
</testsuite> <!-- com.rs.testcases.LoginPageTests -->
